<?xml version="1.0" encoding="UTF-8"?>
<robot generator="Rebot 3.0.2 (Python 3.6.3 on win32)" generated="20171127 08:12:54.257">
<suite id="s1" name="Suites">
<suite id="s1-s1" name="Demo2" source="C:\Users\Laptop\PycharmProjects\Selenium_Robot\Test\TestSuite\Demo2.robot">
<test id="s1-s1-t1" name="TestCase1: Login Invalid Credentials">
<kw name="Open Mercury Website in Chrome and Maximize">
<kw name="Open Browser" library="Selenium2Library">
<doc>Opens a new browser instance to given URL.</doc>
<arguments>
<arg>url=${URL}</arg>
<arg>browser=chrome</arg>
</arguments>
<msg timestamp="20171127 08:12:34.621" level="INFO">Opening browser 'chrome' to base url 'http://newtours.demoaut.com/'</msg>
<status status="PASS" starttime="20171127 08:12:34.621" endtime="20171127 08:12:44.129"></status>
</kw>
<kw name="Maximize Browser Window" library="Selenium2Library">
<doc>Maximizes current browser window.</doc>
<status status="PASS" starttime="20171127 08:12:44.133" endtime="20171127 08:12:44.318"></status>
</kw>
<kw name="Log To Console" library="BuiltIn">
<doc>Logs the given message to the console.</doc>
<arguments>
<arg>Browser is Maximized</arg>
</arguments>
<status status="PASS" starttime="20171127 08:12:44.322" endtime="20171127 08:12:44.322"></status>
</kw>
<status status="PASS" starttime="20171127 08:12:34.621" endtime="20171127 08:12:44.322"></status>
</kw>
<kw name="Verify the Home page title">
<kw name="Title Should Be" library="Selenium2Library">
<doc>Verifies that current page title equals `title`.</doc>
<arguments>
<arg>${title}</arg>
</arguments>
<msg timestamp="20171127 08:12:44.354" level="INFO">Page title is 'Welcome: Mercury Tours'.</msg>
<status status="PASS" starttime="20171127 08:12:44.326" endtime="20171127 08:12:44.354"></status>
</kw>
<kw name="Log To Console" library="BuiltIn">
<doc>Logs the given message to the console.</doc>
<arguments>
<arg>Home Page Title Verified</arg>
</arguments>
<status status="PASS" starttime="20171127 08:12:44.358" endtime="20171127 08:12:44.358"></status>
</kw>
<status status="PASS" starttime="20171127 08:12:44.322" endtime="20171127 08:12:44.358"></status>
</kw>
<kw name="Click on Sign-On Link">
<kw name="Click Element" library="Selenium2Library">
<doc>Click element identified by `locator`.</doc>
<arguments>
<arg>xpath=//*[contains(text(),'SIGN-ON')]</arg>
</arguments>
<msg timestamp="20171127 08:12:44.362" level="INFO">Clicking element 'xpath=//*[contains(text(),'SIGN-ON')]'.</msg>
<status status="PASS" starttime="20171127 08:12:44.362" endtime="20171127 08:12:45.576"></status>
</kw>
<kw name="Log To Console" library="BuiltIn">
<doc>Logs the given message to the console.</doc>
<arguments>
<arg>Clicked on Signon link successfully.</arg>
</arguments>
<status status="PASS" starttime="20171127 08:12:45.576" endtime="20171127 08:12:45.580"></status>
</kw>
<status status="PASS" starttime="20171127 08:12:44.358" endtime="20171127 08:12:45.580"></status>
</kw>
<kw name="Verify SignOn Page title">
<kw name="Get Title" library="Selenium2Library">
<doc>Returns title of current page.</doc>
<assign>
<var>${WindowTitle}</var>
</assign>
<msg timestamp="20171127 08:12:45.616" level="INFO">${WindowTitle} = Sign-on: Mercury Tours</msg>
<status status="PASS" starttime="20171127 08:12:45.580" endtime="20171127 08:12:45.616"></status>
</kw>
<kw name="Should Be Equal" library="BuiltIn">
<doc>Fails if the given objects are unequal.</doc>
<arguments>
<arg>${WindowTitle}</arg>
<arg>Sign-on: Mercury Tours</arg>
</arguments>
<status status="PASS" starttime="20171127 08:12:45.616" endtime="20171127 08:12:45.616"></status>
</kw>
<kw name="Log To Console" library="BuiltIn">
<doc>Logs the given message to the console.</doc>
<arguments>
<arg>Navigated to :${WindowTitle}</arg>
</arguments>
<status status="PASS" starttime="20171127 08:12:45.620" endtime="20171127 08:12:45.620"></status>
</kw>
<status status="PASS" starttime="20171127 08:12:45.580" endtime="20171127 08:12:45.620"></status>
</kw>
<kw name="Check if Registration link is available">
<kw name="Get Element Attribute" library="Selenium2Library">
<doc>Returns value of the element attribute.</doc>
<arguments>
<arg>xpath=//*[contains(text(),'registration')]</arg>
<arg>href</arg>
</arguments>
<assign>
<var>${b}</var>
</assign>
<msg timestamp="20171127 08:12:45.745" level="INFO">${b} = http://newtours.demoaut.com/mercuryregister.php</msg>
<status status="PASS" starttime="20171127 08:12:45.620" endtime="20171127 08:12:45.745"></status>
</kw>
<kw name="Log To Console" library="BuiltIn">
<doc>Logs the given message to the console.</doc>
<arguments>
<arg>Href attribute found :${b}</arg>
</arguments>
<status status="PASS" starttime="20171127 08:12:45.745" endtime="20171127 08:12:45.745"></status>
</kw>
<status status="PASS" starttime="20171127 08:12:45.620" endtime="20171127 08:12:45.745"></status>
</kw>
<kw name="Check header is successfully displaying">
<kw name="Get Text" library="Selenium2Library">
<doc>Returns the text value of element identified by `locator`.</doc>
<arguments>
<arg>//*[contains(text(),'Enter your user info')]</arg>
</arguments>
<assign>
<var>${b}</var>
</assign>
<msg timestamp="20171127 08:12:45.959" level="INFO">${b} = Welcome back to Mercury Tours! Enter your user information to access the member-only areas of this site. If you don't have a log-in, please fill out the registration form.</msg>
<status status="PASS" starttime="20171127 08:12:45.745" endtime="20171127 08:12:45.959"></status>
</kw>
<kw name="Log To Console" library="BuiltIn">
<doc>Logs the given message to the console.</doc>
<arguments>
<arg>${b}</arg>
</arguments>
<status status="PASS" starttime="20171127 08:12:45.959" endtime="20171127 08:12:45.979"></status>
</kw>
<status status="PASS" starttime="20171127 08:12:45.745" endtime="20171127 08:12:45.979"></status>
</kw>
<kw name="Enter Invalid UserName">
<kw name="Input Text" library="Selenium2Library">
<doc>Types the given `text` into text field identified by `locator`.</doc>
<arguments>
<arg>//input[ @ name = 'userName']</arg>
<arg>${UserName}</arg>
</arguments>
<msg timestamp="20171127 08:12:45.979" level="INFO">Typing text 'Aditya' into text field '//input[ @ name = 'userName']'</msg>
<status status="PASS" starttime="20171127 08:12:45.979" endtime="20171127 08:12:46.314"></status>
</kw>
<kw name="Log To Console" library="BuiltIn">
<doc>Logs the given message to the console.</doc>
<arguments>
<arg>Entered wrong username</arg>
</arguments>
<status status="PASS" starttime="20171127 08:12:46.314" endtime="20171127 08:12:46.314"></status>
</kw>
<status status="PASS" starttime="20171127 08:12:45.979" endtime="20171127 08:12:46.314"></status>
</kw>
<kw name="Enter Invalid Password">
<kw name="Input Text" library="Selenium2Library">
<doc>Types the given `text` into text field identified by `locator`.</doc>
<arguments>
<arg>//input[@name='password']</arg>
<arg>${Password}</arg>
</arguments>
<msg timestamp="20171127 08:12:46.318" level="INFO">Typing text 'Test123' into text field '//input[@name='password']'</msg>
<status status="PASS" starttime="20171127 08:12:46.314" endtime="20171127 08:12:46.613"></status>
</kw>
<kw name="Log To Console" library="BuiltIn">
<doc>Logs the given message to the console.</doc>
<arguments>
<arg>Entered wrong password</arg>
</arguments>
<status status="PASS" starttime="20171127 08:12:46.613" endtime="20171127 08:12:46.613"></status>
</kw>
<status status="PASS" starttime="20171127 08:12:46.314" endtime="20171127 08:12:46.613"></status>
</kw>
<kw name="Click on Submit">
<kw name="Click Element" library="Selenium2Library">
<doc>Click element identified by `locator`.</doc>
<arguments>
<arg>//input[ @ name = 'login']</arg>
</arguments>
<msg timestamp="20171127 08:12:46.613" level="INFO">Clicking element '//input[ @ name = 'login']'.</msg>
<status status="PASS" starttime="20171127 08:12:46.613" endtime="20171127 08:12:48.206"></status>
</kw>
<kw name="Log To Console" library="BuiltIn">
<doc>Logs the given message to the console.</doc>
<arguments>
<arg>Clicking on Submit</arg>
</arguments>
<status status="PASS" starttime="20171127 08:12:48.206" endtime="20171127 08:12:48.210"></status>
</kw>
<status status="PASS" starttime="20171127 08:12:46.613" endtime="20171127 08:12:48.210"></status>
</kw>
<kw name="Sleep" library="BuiltIn">
<doc>Pauses the test executed for the given time.</doc>
<arguments>
<arg>${timeout}</arg>
</arguments>
<msg timestamp="20171127 08:12:51.224" level="INFO">Slept 3 seconds</msg>
<status status="PASS" starttime="20171127 08:12:48.210" endtime="20171127 08:12:51.224"></status>
</kw>
<kw name="Close Browser" library="Selenium2Library" type="teardown">
<doc>Closes the current browser.</doc>
<status status="PASS" starttime="20171127 08:12:51.224" endtime="20171127 08:12:53.867"></status>
</kw>
<doc>This is to verify invalid login Mercury Tours Home Page</doc>
<tags>
<tag>smoke</tag>
</tags>
<status status="PASS" starttime="20171127 08:12:34.621" endtime="20171127 08:12:53.867" critical="yes"></status>
</test>
<doc>Testing MercuryTours Website</doc>
<status status="PASS" starttime="20171127 08:12:33.965" endtime="20171127 08:12:53.867"></status>
</suite>
<suite id="s1-s2" name="Demo" source="C:\Users\Laptop\PycharmProjects\Selenium_Robot\Test\TestSuite\Demo.robot">
<test id="s1-s2-t1" name="TestCase1: Navigating Mercury Webpage">
<kw name="Open Mercury Website in Chrome and Maximize">
<kw name="Open Browser" library="Selenium2Library">
<doc>Opens a new browser instance to given URL.</doc>
<arguments>
<arg>url=${URL}</arg>
<arg>browser=chrome</arg>
</arguments>
<msg timestamp="20171127 08:12:34.621" level="INFO">Opening browser 'chrome' to base url 'http://newtours.demoaut.com/'</msg>
<status status="PASS" starttime="20171127 08:12:34.621" endtime="20171127 08:12:44.434"></status>
</kw>
<kw name="Maximize Browser Window" library="Selenium2Library">
<doc>Maximizes current browser window.</doc>
<status status="PASS" starttime="20171127 08:12:44.434" endtime="20171127 08:12:44.618"></status>
</kw>
<kw name="Log To Console" library="BuiltIn">
<doc>Logs the given message to the console.</doc>
<arguments>
<arg>Website Navigated successfully</arg>
</arguments>
<status status="PASS" starttime="20171127 08:12:44.618" endtime="20171127 08:12:44.618"></status>
</kw>
<status status="PASS" starttime="20171127 08:12:34.621" endtime="20171127 08:12:44.618"></status>
</kw>
<kw name="Verify the Home page title">
<kw name="Title Should Be" library="Selenium2Library">
<doc>Verifies that current page title equals `title`.</doc>
<arguments>
<arg>${title}</arg>
</arguments>
<msg timestamp="20171127 08:12:44.650" level="INFO">Page title is 'Welcome: Mercury Tours'.</msg>
<status status="PASS" starttime="20171127 08:12:44.622" endtime="20171127 08:12:44.650"></status>
</kw>
<kw name="Log To Console" library="BuiltIn">
<doc>Logs the given message to the console.</doc>
<arguments>
<arg>Home Page Title Verified</arg>
</arguments>
<status status="PASS" starttime="20171127 08:12:44.650" endtime="20171127 08:12:44.654"></status>
</kw>
<status status="PASS" starttime="20171127 08:12:44.618" endtime="20171127 08:12:44.654"></status>
</kw>
<kw name="Sleep" library="BuiltIn">
<doc>Pauses the test executed for the given time.</doc>
<arguments>
<arg>${timeout}</arg>
</arguments>
<msg timestamp="20171127 08:12:47.658" level="INFO">Slept 3 seconds</msg>
<status status="PASS" starttime="20171127 08:12:44.654" endtime="20171127 08:12:47.658"></status>
</kw>
<kw name="Click on Sign-On Link">
<kw name="Click Element" library="Selenium2Library">
<doc>Click element identified by `locator`.</doc>
<arguments>
<arg>xpath=//*[contains(text(),'SIGN-ON')]</arg>
</arguments>
<msg timestamp="20171127 08:12:47.658" level="INFO">Clicking element 'xpath=//*[contains(text(),'SIGN-ON')]'.</msg>
<status status="PASS" starttime="20171127 08:12:47.658" endtime="20171127 08:12:49.159"></status>
</kw>
<kw name="Log To Console" library="BuiltIn">
<doc>Logs the given message to the console.</doc>
<arguments>
<arg>Clicked on Signon link successfully.</arg>
</arguments>
<status status="PASS" starttime="20171127 08:12:49.159" endtime="20171127 08:12:49.159"></status>
</kw>
<status status="PASS" starttime="20171127 08:12:47.658" endtime="20171127 08:12:49.159"></status>
</kw>
<kw name="Close Browser" library="Selenium2Library" type="teardown">
<doc>Closes the current browser.</doc>
<status status="PASS" starttime="20171127 08:12:49.163" endtime="20171127 08:12:51.568"></status>
</kw>
<tags>
<tag>DEBUG</tag>
</tags>
<status status="PASS" starttime="20171127 08:12:34.621" endtime="20171127 08:12:51.568" critical="yes"></status>
</test>
<doc>Testing MercuryTours Website</doc>
<status status="PASS" starttime="20171127 08:12:33.965" endtime="20171127 08:12:51.568"></status>
</suite>
<status status="PASS" starttime="20171127 08:12:33.803" endtime="20171127 08:12:53.867"></status>
</suite>
<statistics>
<total>
<stat pass="2" fail="0">Critical Tests</stat>
<stat pass="2" fail="0">All Tests</stat>
</total>
<tag>
<stat pass="1" fail="0">DEBUG</stat>
<stat pass="1" fail="0">smoke</stat>
</tag>
<suite>
<stat pass="2" fail="0" id="s1" name="Suites">Suites</stat>
<stat pass="1" fail="0" id="s1-s1" name="Demo2">Suites.Demo2</stat>
<stat pass="1" fail="0" id="s1-s2" name="Demo">Suites.Demo</stat>
</suite>
</statistics>
<errors>
</errors>
</robot>
