<?xml version="1.0" encoding="UTF-8"?>
<robot generator="Robot 3.0.2 (Python 3.6.3 on win32)" generated="20171106 00:25:37.330">
<suite id="s1" name="Demo &amp; Demo2">
<suite id="s1-s1" name="Demo" source="C:\Users\Laptop\PycharmProjects\Selenium_Robot\Test\TestSuite\Demo.robot">
<test id="s1-s1-t1" name="TestCase1: Navigating Mercury Webpage">
<kw name="Open Mercury Website in Chrome and Maximize">
<kw name="Open Browser" library="Selenium2Library">
<doc>Opens a new browser instance to given URL.</doc>
<arguments>
<arg>url=${URL}</arg>
<arg>browser=chrome</arg>
</arguments>
<msg timestamp="20171106 00:25:37.980" level="INFO">Opening browser 'chrome' to base url 'http://newtours.demoaut.com/'</msg>
<status status="PASS" starttime="20171106 00:25:37.980" endtime="20171106 00:25:50.075"></status>
</kw>
<kw name="Maximize Browser Window" library="Selenium2Library">
<doc>Maximizes current browser window.</doc>
<status status="PASS" starttime="20171106 00:25:50.075" endtime="20171106 00:25:50.271"></status>
</kw>
<kw name="Log To Console" library="BuiltIn">
<doc>Logs the given message to the console.</doc>
<arguments>
<arg>Website Navigated successfully</arg>
</arguments>
<status status="PASS" starttime="20171106 00:25:50.275" endtime="20171106 00:25:50.275"></status>
</kw>
<status status="PASS" starttime="20171106 00:25:37.980" endtime="20171106 00:25:50.275"></status>
</kw>
<kw name="Verify the Home page title">
<kw name="Title Should Be" library="Selenium2Library">
<doc>Verifies that current page title equals `title`.</doc>
<arguments>
<arg>${title}</arg>
</arguments>
<msg timestamp="20171106 00:25:50.311" level="INFO">Page title is 'Welcome: Mercury Tours'.</msg>
<status status="PASS" starttime="20171106 00:25:50.283" endtime="20171106 00:25:50.311"></status>
</kw>
<kw name="Log To Console" library="BuiltIn">
<doc>Logs the given message to the console.</doc>
<arguments>
<arg>Home Page Title Verified</arg>
</arguments>
<status status="PASS" starttime="20171106 00:25:50.311" endtime="20171106 00:25:50.315"></status>
</kw>
<status status="PASS" starttime="20171106 00:25:50.279" endtime="20171106 00:25:50.315"></status>
</kw>
<kw name="Sleep" library="BuiltIn">
<doc>Pauses the test executed for the given time.</doc>
<arguments>
<arg>${timeout}</arg>
</arguments>
<msg timestamp="20171106 00:25:53.328" level="INFO">Slept 3 seconds</msg>
<status status="PASS" starttime="20171106 00:25:50.315" endtime="20171106 00:25:53.328"></status>
</kw>
<kw name="Click on Sign-On Link">
<kw name="Click Element" library="Selenium2Library">
<doc>Click element identified by `locator`.</doc>
<arguments>
<arg>xpath=//*[contains(text(),'SIGN-ON')]</arg>
</arguments>
<msg timestamp="20171106 00:25:53.328" level="INFO">Clicking element 'xpath=//*[contains(text(),'SIGN-ON')]'.</msg>
<status status="PASS" starttime="20171106 00:25:53.328" endtime="20171106 00:25:55.166"></status>
</kw>
<kw name="Log To Console" library="BuiltIn">
<doc>Logs the given message to the console.</doc>
<arguments>
<arg>Clicked on Signon link successfully.</arg>
</arguments>
<status status="PASS" starttime="20171106 00:25:55.166" endtime="20171106 00:25:55.166"></status>
</kw>
<status status="PASS" starttime="20171106 00:25:53.328" endtime="20171106 00:25:55.166"></status>
</kw>
<kw name="Close Browser" library="Selenium2Library" type="teardown">
<doc>Closes the current browser.</doc>
<status status="PASS" starttime="20171106 00:25:55.170" endtime="20171106 00:25:57.607"></status>
</kw>
<tags>
<tag>DEBUG</tag>
</tags>
<status status="PASS" starttime="20171106 00:25:37.980" endtime="20171106 00:25:57.607" critical="yes"></status>
</test>
<doc>Testing MercuryTours Website</doc>
<status status="PASS" starttime="20171106 00:25:37.449" endtime="20171106 00:25:57.623"></status>
</suite>
<suite id="s1-s2" name="Demo2" source="C:\Users\Laptop\PycharmProjects\Selenium_Robot\Test\TestSuite\Demo2.robot">
<test id="s1-s2-t1" name="TestCase1: Login Invalid Credentials">
<kw name="Open Mercury Website in Chrome and Maximize">
<kw name="Open Browser" library="Selenium2Library">
<doc>Opens a new browser instance to given URL.</doc>
<arguments>
<arg>url=${URL}</arg>
<arg>browser=chrome</arg>
</arguments>
<msg timestamp="20171106 00:25:57.654" level="INFO">Opening browser 'chrome' to base url 'http://newtours.demoaut.com/'</msg>
<status status="PASS" starttime="20171106 00:25:57.654" endtime="20171106 00:26:06.303"></status>
</kw>
<kw name="Maximize Browser Window" library="Selenium2Library">
<doc>Maximizes current browser window.</doc>
<status status="PASS" starttime="20171106 00:26:06.304" endtime="20171106 00:26:06.482"></status>
</kw>
<kw name="Log To Console" library="BuiltIn">
<doc>Logs the given message to the console.</doc>
<arguments>
<arg>Browser is Maximized</arg>
</arguments>
<status status="PASS" starttime="20171106 00:26:06.486" endtime="20171106 00:26:06.486"></status>
</kw>
<status status="PASS" starttime="20171106 00:25:57.654" endtime="20171106 00:26:06.486"></status>
</kw>
<kw name="Verify the Home page title">
<kw name="Title Should Be" library="Selenium2Library">
<doc>Verifies that current page title equals `title`.</doc>
<arguments>
<arg>${title}</arg>
</arguments>
<msg timestamp="20171106 00:26:06.522" level="INFO">Page title is 'Welcome: Mercury Tours'.</msg>
<status status="PASS" starttime="20171106 00:26:06.490" endtime="20171106 00:26:06.522"></status>
</kw>
<kw name="Log To Console" library="BuiltIn">
<doc>Logs the given message to the console.</doc>
<arguments>
<arg>Home Page Title Verified</arg>
</arguments>
<status status="PASS" starttime="20171106 00:26:06.522" endtime="20171106 00:26:06.526"></status>
</kw>
<status status="PASS" starttime="20171106 00:26:06.490" endtime="20171106 00:26:06.526"></status>
</kw>
<kw name="Click on Sign-On Link">
<kw name="Click Element" library="Selenium2Library">
<doc>Click element identified by `locator`.</doc>
<arguments>
<arg>xpath=//*[contains(text(),'SIGN-ON')]</arg>
</arguments>
<msg timestamp="20171106 00:26:06.536" level="INFO">Clicking element 'xpath=//*[contains(text(),'SIGN-ON')]'.</msg>
<status status="PASS" starttime="20171106 00:26:06.535" endtime="20171106 00:26:07.630"></status>
</kw>
<kw name="Log To Console" library="BuiltIn">
<doc>Logs the given message to the console.</doc>
<arguments>
<arg>Clicked on Signon link successfully.</arg>
</arguments>
<status status="PASS" starttime="20171106 00:26:07.630" endtime="20171106 00:26:07.635"></status>
</kw>
<status status="PASS" starttime="20171106 00:26:06.530" endtime="20171106 00:26:07.636"></status>
</kw>
<kw name="Verify SignOn Page title">
<kw name="Get Title" library="Selenium2Library">
<doc>Returns title of current page.</doc>
<assign>
<var>${WindowTitle}</var>
</assign>
<msg timestamp="20171106 00:26:07.654" level="INFO">${WindowTitle} = Sign-on: Mercury Tours</msg>
<status status="PASS" starttime="20171106 00:26:07.638" endtime="20171106 00:26:07.654"></status>
</kw>
<kw name="Should Be Equal" library="BuiltIn">
<doc>Fails if the given objects are unequal.</doc>
<arguments>
<arg>${WindowTitle}</arg>
<arg>Sign-on: Mercury Tours</arg>
</arguments>
<status status="PASS" starttime="20171106 00:26:07.654" endtime="20171106 00:26:07.654"></status>
</kw>
<kw name="Log To Console" library="BuiltIn">
<doc>Logs the given message to the console.</doc>
<arguments>
<arg>Navigated to :${WindowTitle}</arg>
</arguments>
<status status="PASS" starttime="20171106 00:26:07.658" endtime="20171106 00:26:07.658"></status>
</kw>
<status status="PASS" starttime="20171106 00:26:07.637" endtime="20171106 00:26:07.658"></status>
</kw>
<kw name="Check if Registration link is available">
<kw name="Get Element Attribute" library="Selenium2Library">
<doc>Returns value of the element attribute.</doc>
<arguments>
<arg>xpath=//*[contains(text(),'registration')]</arg>
<arg>href</arg>
</arguments>
<assign>
<var>${b}</var>
</assign>
<msg timestamp="20171106 00:26:07.797" level="INFO">${b} = http://newtours.demoaut.com/mercuryregister.php</msg>
<status status="PASS" starttime="20171106 00:26:07.662" endtime="20171106 00:26:07.797"></status>
</kw>
<kw name="Log To Console" library="BuiltIn">
<doc>Logs the given message to the console.</doc>
<arguments>
<arg>Href attribute found :${b}</arg>
</arguments>
<status status="PASS" starttime="20171106 00:26:07.797" endtime="20171106 00:26:07.797"></status>
</kw>
<status status="PASS" starttime="20171106 00:26:07.662" endtime="20171106 00:26:07.797"></status>
</kw>
<kw name="Check header is successfully displaying">
<kw name="Get Text" library="Selenium2Library">
<doc>Returns the text value of element identified by `locator`.</doc>
<arguments>
<arg>//*[contains(text(),'Enter your user info')]</arg>
</arguments>
<assign>
<var>${b}</var>
</assign>
<msg timestamp="20171106 00:26:07.978" level="INFO">${b} = Welcome back to Mercury Tours! Enter your user information to access the member-only areas of this site. If you don't have a log-in, please fill out the registration form.</msg>
<status status="PASS" starttime="20171106 00:26:07.813" endtime="20171106 00:26:07.978"></status>
</kw>
<kw name="Log To Console" library="BuiltIn">
<doc>Logs the given message to the console.</doc>
<arguments>
<arg>${b}</arg>
</arguments>
<status status="PASS" starttime="20171106 00:26:07.978" endtime="20171106 00:26:07.978"></status>
</kw>
<status status="PASS" starttime="20171106 00:26:07.797" endtime="20171106 00:26:07.982"></status>
</kw>
<kw name="Enter Invalid UserName">
<kw name="Input Text" library="Selenium2Library">
<doc>Types the given `text` into text field identified by `locator`.</doc>
<arguments>
<arg>//input[ @ name = 'userName']</arg>
<arg>${UserName}</arg>
</arguments>
<msg timestamp="20171106 00:26:07.982" level="INFO">Typing text 'Aditya' into text field '//input[ @ name = 'userName']'</msg>
<status status="PASS" starttime="20171106 00:26:07.982" endtime="20171106 00:26:08.499"></status>
</kw>
<kw name="Log To Console" library="BuiltIn">
<doc>Logs the given message to the console.</doc>
<arguments>
<arg>Entered wrong username</arg>
</arguments>
<status status="PASS" starttime="20171106 00:26:08.503" endtime="20171106 00:26:08.503"></status>
</kw>
<status status="PASS" starttime="20171106 00:26:07.982" endtime="20171106 00:26:08.503"></status>
</kw>
<kw name="Enter Invalid Password">
<kw name="Input Text" library="Selenium2Library">
<doc>Types the given `text` into text field identified by `locator`.</doc>
<arguments>
<arg>//input[@name='password']</arg>
<arg>${Password}</arg>
</arguments>
<msg timestamp="20171106 00:26:08.507" level="INFO">Typing text 'Test123' into text field '//input[@name='password']'</msg>
<status status="PASS" starttime="20171106 00:26:08.507" endtime="20171106 00:26:08.968"></status>
</kw>
<kw name="Log To Console" library="BuiltIn">
<doc>Logs the given message to the console.</doc>
<arguments>
<arg>Entered wrong password</arg>
</arguments>
<status status="PASS" starttime="20171106 00:26:08.968" endtime="20171106 00:26:08.972"></status>
</kw>
<status status="PASS" starttime="20171106 00:26:08.503" endtime="20171106 00:26:08.972"></status>
</kw>
<kw name="Click on Submit">
<kw name="Click Element" library="Selenium2Library">
<doc>Click element identified by `locator`.</doc>
<arguments>
<arg>//input[ @ name = 'login']</arg>
</arguments>
<msg timestamp="20171106 00:26:08.980" level="INFO">Clicking element '//input[ @ name = 'login']'.</msg>
<status status="PASS" starttime="20171106 00:26:08.980" endtime="20171106 00:26:11.323"></status>
</kw>
<kw name="Log To Console" library="BuiltIn">
<doc>Logs the given message to the console.</doc>
<arguments>
<arg>Clicking on Submit</arg>
</arguments>
<status status="PASS" starttime="20171106 00:26:11.323" endtime="20171106 00:26:11.327"></status>
</kw>
<status status="PASS" starttime="20171106 00:26:08.976" endtime="20171106 00:26:11.327"></status>
</kw>
<kw name="Sleep" library="BuiltIn">
<doc>Pauses the test executed for the given time.</doc>
<arguments>
<arg>${timeout}</arg>
</arguments>
<msg timestamp="20171106 00:26:14.345" level="INFO">Slept 3 seconds</msg>
<status status="PASS" starttime="20171106 00:26:11.331" endtime="20171106 00:26:14.346"></status>
</kw>
<kw name="Close Browser" library="Selenium2Library" type="teardown">
<doc>Closes the current browser.</doc>
<status status="PASS" starttime="20171106 00:26:14.350" endtime="20171106 00:26:16.912"></status>
</kw>
<doc>This is to verify invalid login Mercury Tours Home Page</doc>
<tags>
<tag>smoke</tag>
</tags>
<status status="PASS" starttime="20171106 00:25:57.654" endtime="20171106 00:26:16.912" critical="yes"></status>
</test>
<doc>Testing MercuryTours Website</doc>
<status status="PASS" starttime="20171106 00:25:57.623" endtime="20171106 00:26:16.927"></status>
</suite>
<status status="PASS" starttime="20171106 00:25:37.330" endtime="20171106 00:26:16.927"></status>
</suite>
<statistics>
<total>
<stat pass="2" fail="0">Critical Tests</stat>
<stat pass="2" fail="0">All Tests</stat>
</total>
<tag>
<stat pass="1" fail="0">DEBUG</stat>
<stat pass="1" fail="0">smoke</stat>
</tag>
<suite>
<stat pass="2" fail="0" id="s1" name="Demo &amp; Demo2">Demo &amp; Demo2</stat>
<stat pass="1" fail="0" id="s1-s1" name="Demo">Demo &amp; Demo2.Demo</stat>
<stat pass="1" fail="0" id="s1-s2" name="Demo2">Demo &amp; Demo2.Demo2</stat>
</suite>
</statistics>
<errors>
</errors>
</robot>
